<?xml version="1.0" encoding="UTF-8"?>
<testng-results ignored="0" total="0" passed="0" failed="0" skipped="0">
  <reporter-output>
  </reporter-output>
  <suite started-at="2024-06-10T17:02:20 IST" name="org.rest.cucumber.resources.TestDataPayload" finished-at="2024-06-10T17:02:20 IST" duration-ms="16">
    <groups>
    </groups>
    <test started-at="2024-06-10T17:02:20 IST" name="Command line test" finished-at="2024-06-10T17:02:20 IST" duration-ms="16">
    </test> <!-- Command line test -->
  </suite> <!-- org.rest.cucumber.resources.TestDataPayload -->
</testng-results>
